
> absmartly-browser-extension@0.0.1 test:e2e
> playwright test

🚀 Starting global test setup...
✅ Extension already built
⚠️  Note: Using existing build. Delete build/chrome-mv3-dev/manifest.json to force rebuild.
✅ Copied seed.html to build directory
✅ Copied local-test-page.html to build directory
✅ Loaded environment variables from .env.local
✅ API credentials found in environment
✅ Global setup completed successfully
---

Running 202 tests using 1 worker

  ✓    1 [chromium] › tests/components/context-menu.spec.ts:441:7 › ContextMenu Component Tests › should render context menu in shadow DOM (185ms)
  ✘    2 [chromium] › tests/components/context-menu.spec.ts:470:7 › ContextMenu Component Tests › should position menu correctly near viewport edges (68ms)
  ✓    3 [chromium] › tests/components/context-menu.spec.ts:523:7 › ContextMenu Component Tests › should display all menu items with correct structure (77ms)
  ✓    4 [chromium] › tests/components/context-menu.spec.ts:571:7 › ContextMenu Component Tests › should show conditional item visibility based on element type (54ms)
  ✘    5 [chromium] › tests/components/context-menu.spec.ts:645:7 › ContextMenu Component Tests › should handle keyboard navigation correctly (70ms)
  ✓    6 [chromium] › tests/components/context-menu.spec.ts:704:7 › ContextMenu Component Tests › should close when clicking outside menu (90ms)
  ✘    7 [chromium] › tests/components/context-menu.spec.ts:729:7 › ContextMenu Component Tests › should execute action callbacks correctly (72ms)
  ✘    8 [chromium] › tests/components/context-menu.spec.ts:757:7 › ContextMenu Component Tests › should not execute actions for disabled items (97ms)
  ✓    9 [chromium] › tests/components/context-menu.spec.ts:783:7 › ContextMenu Component Tests › should have proper visual styles and animations (96ms)
  ✘   10 [chromium] › tests/components/context-menu.spec.ts:850:7 › ContextMenu Component Tests › should have proper accessibility features (80ms)
  ✘   11 [chromium] › tests/components/context-menu.spec.ts:887:7 › ContextMenu Component Tests › should handle menu positioning with scrolled viewport (149ms)
  ✓   12 [chromium] › tests/components/context-menu.spec.ts:919:7 › ContextMenu Component Tests › should remove existing menu before showing new one (97ms)
  ✓   13 [chromium] › tests/components/notifications.spec.ts:396:7 › Notifications Component Tests › should render toast notifications with different types (3.2s)
  ✓   14 [chromium] › tests/components/notifications.spec.ts:426:7 › Notifications Component Tests › should auto-dismiss notifications after specified timing (2.0s)
  ✓   15 [chromium] › tests/components/notifications.spec.ts:439:7 › Notifications Component Tests › should not auto-dismiss persistent notifications (5.2s)
  ✓   16 [chromium] › tests/components/notifications.spec.ts:452:7 › Notifications Component Tests › should handle multiple notifications with queue management (4.0s)
  ✓   17 [chromium] › tests/components/notifications.spec.ts:467:7 › Notifications Component Tests › should handle rapid notification creation without overwhelming queue (64ms)
  ✓   18 [chromium] › tests/components/notifications.spec.ts:480:7 › Notifications Component Tests › should dismiss notifications when clicked (2.2s)
  ✓   19 [chromium] › tests/components/notifications.spec.ts:493:7 › Notifications Component Tests › should dismiss notifications using close button (2.2s)
  ✘   20 [chromium] › tests/components/notifications.spec.ts:506:7 › Notifications Component Tests › should show animation transitions correctly (2.3s)
  ✘   21 [chromium] › tests/components/notifications.spec.ts:522:7 › Notifications Component Tests › should position notifications correctly on screen (1.2s)
  ✘   22 [chromium] › tests/components/notifications.spec.ts:547:7 › Notifications Component Tests › should truncate long messages appropriately (1.2s)
  ✓   23 [chromium] › tests/components/notifications.spec.ts:564:7 › Notifications Component Tests › should display appropriate icons for different notification types (8.3s)
  ✘   24 [chromium] › tests/components/notifications.spec.ts:586:7 › Notifications Component Tests › should provide proper ARIA announcements for screen readers (1.2s)
  ✓   25 [chromium] › tests/components/notifications.spec.ts:608:7 › Notifications Component Tests › should handle notifications without icons when configured (67ms)
  ✓   26 [chromium] › tests/components/notifications.spec.ts:621:7 › Notifications Component Tests › should maintain proper stacking order with multiple rapid notifications (61ms)
  ✓   27 [chromium] › tests/components/notifications.spec.ts:637:7 › Notifications Component Tests › should handle edge cases gracefully (2.2s)
  ✓   28 [chromium] › tests/components/notifications.spec.ts:672:7 › Notifications Component Tests › should cleanup properly when notifications are removed (2.2s)
  ✓   29 [chromium] › tests/components/notifications.spec.ts:696:7 › Notifications Component Tests › should handle viewport resizing correctly (1.1s)
  ✓   30 [chromium] › tests/components/toolbar.spec.ts:334:7 › Toolbar Component › 1. Toolbar rendering with all buttons (91ms)
  ✓   31 [chromium] › tests/components/toolbar.spec.ts:372:7 › Toolbar Component › 2. Mode switcher functionality (Edit/Rearrange/Resize) (68ms)
  ✓   32 [chromium] › tests/components/toolbar.spec.ts:405:7 › Toolbar Component › 3. Save/Cancel button interactions (2.2s)
  ✓   33 [chromium] › tests/components/toolbar.spec.ts:428:7 › Toolbar Component › 4. Undo/Redo button states and clicks (3.3s)
  ✓   34 [chromium] › tests/components/toolbar.spec.ts:478:7 › Toolbar Component › 5. Change counter display updates (71ms)
  ✓   35 [chromium] › tests/components/toolbar.spec.ts:514:7 › Toolbar Component › 6. Responsive layout on different screen sizes (72ms)
  ✓   36 [chromium] › tests/components/toolbar.spec.ts:544:7 › Toolbar Component › 7. Keyboard shortcuts triggering toolbar actions (4.2s)
  ✓   37 [chromium] › tests/components/toolbar.spec.ts:603:7 › Toolbar Component › 8. Button disabled states based on context (81ms)
  ✓   38 [chromium] › tests/components/toolbar.spec.ts:644:7 › Toolbar Component › 9. Tooltip displays on hover (69ms)
  ✓   39 [chromium] › tests/components/toolbar.spec.ts:689:7 › Toolbar Component › 10. Accessibility (ARIA labels, keyboard navigation) (3.1s)
  ✘   40 [chromium] › tests/components/toolbar.spec.ts:774:7 › Toolbar Component › 11. Visual regression tests for different states (380ms)
  ✓   41 [chromium] › tests/components/toolbar.spec.ts:815:7 › Toolbar Component › 12. Toolbar removal and cleanup (84ms)
  ✓   42 [chromium] › tests/components/toolbar.spec.ts:847:7 › Toolbar Component › 13. Event propagation handling (1.2s)
  ✓   43 [chromium] › tests/components/toolbar.spec.ts:876:7 › Toolbar Component › 14. Multiple toolbar instances prevention (69ms)
  ✓   44 [chromium] › tests/components/toolbar.spec.ts:891:7 › Toolbar Component › 15. Toolbar positioning and z-index (77ms)
Extension ID: elelnihlihbhpkobodjiodoefdjpdcjp
